2020-11-16 12:56:52.254  INFO 2540 --- [restartedMain] c.mds.libraryMgmtSystem.DemoApplication  : Starting DemoApplication on LAPTOP-ROQCOL67 with PID 2540 (C:\Users\User\Desktop\SpringProject\it2020-library-management-system\target\classes started by User in C:\Users\User\Desktop\SpringProject\it2020-library-management-system)
2020-11-16 12:56:52.320  INFO 2540 --- [restartedMain] c.mds.libraryMgmtSystem.DemoApplication  : No active profile set, falling back to default profiles: default
2020-11-16 12:56:52.572  INFO 2540 --- [restartedMain] .e.DevToolsPropertyDefaultsPostProcessor : Devtools property defaults active! Set 'spring.devtools.add-properties' to 'false' to disable
2020-11-16 12:56:52.572  INFO 2540 --- [restartedMain] .e.DevToolsPropertyDefaultsPostProcessor : For additional web related logging consider setting the 'logging.level.web' property to 'DEBUG'
2020-11-16 12:57:01.328  INFO 2540 --- [restartedMain] .s.d.r.c.RepositoryConfigurationDelegate : Bootstrapping Spring Data JPA repositories in DEFERRED mode.
2020-11-16 12:57:01.912  INFO 2540 --- [restartedMain] .s.d.r.c.RepositoryConfigurationDelegate : Finished Spring Data repository scanning in 471ms. Found 8 JPA repository interfaces.
2020-11-16 12:57:03.121  INFO 2540 --- [restartedMain] trationDelegate$BeanPostProcessorChecker : Bean 'org.springframework.ws.config.annotation.DelegatingWsConfiguration' of type [org.springframework.ws.config.annotation.DelegatingWsConfiguration$$EnhancerBySpringCGLIB$$675afb5] is not eligible for getting processed by all BeanPostProcessors (for example: not eligible for auto-proxying)
2020-11-16 12:57:03.476  INFO 2540 --- [restartedMain] .w.s.a.s.AnnotationActionEndpointMapping : Supporting [WS-Addressing August 2004, WS-Addressing 1.0]
2020-11-16 12:57:05.715  INFO 2540 --- [restartedMain] o.s.b.w.embedded.tomcat.TomcatWebServer  : Tomcat initialized with port(s): 8081 (http)
2020-11-16 12:57:05.740  INFO 2540 --- [restartedMain] o.apache.catalina.core.StandardService   : Starting service [Tomcat]
2020-11-16 12:57:05.741  INFO 2540 --- [restartedMain] org.apache.catalina.core.StandardEngine  : Starting Servlet engine: [Apache Tomcat/9.0.39]
2020-11-16 12:57:06.006  INFO 2540 --- [restartedMain] o.a.c.c.C.[.[.[/libMgmtSystem]           : Initializing Spring embedded WebApplicationContext
2020-11-16 12:57:06.006  INFO 2540 --- [restartedMain] w.s.c.ServletWebServerApplicationContext : Root WebApplicationContext: initialization completed in 13397 ms
2020-11-16 12:57:06.777  INFO 2540 --- [restartedMain] o.s.s.concurrent.ThreadPoolTaskExecutor  : Initializing ExecutorService 'applicationTaskExecutor'
2020-11-16 12:57:07.133  INFO 2540 --- [task-1] o.hibernate.jpa.internal.util.LogHelper  : HHH000204: Processing PersistenceUnitInfo [name: default]
2020-11-16 12:57:07.742  INFO 2540 --- [task-1] org.hibernate.Version                    : HHH000412: Hibernate ORM core version 5.4.22.Final
2020-11-16 12:57:08.599  INFO 2540 --- [task-1] o.hibernate.annotations.common.Version   : HCANN000001: Hibernate Commons Annotations {5.1.0.Final}
2020-11-16 12:57:09.357  INFO 2540 --- [task-1] com.zaxxer.hikari.HikariDataSource       : HikariPool-1 - Starting...
2020-11-16 12:57:10.233  WARN 2540 --- [restartedMain] JpaBaseConfiguration$JpaWebConfiguration : spring.jpa.open-in-view is enabled by default. Therefore, database queries may be performed during view rendering. Explicitly configure spring.jpa.open-in-view to disable this warning
2020-11-16 12:57:23.402  INFO 2540 --- [task-1] com.zaxxer.hikari.HikariDataSource       : HikariPool-1 - Start completed.
2020-11-16 12:57:23.632  INFO 2540 --- [task-1] org.hibernate.dialect.Dialect            : HHH000400: Using dialect: org.hibernate.dialect.MySQL57Dialect
2020-11-16 12:57:55.255  INFO 2540 --- [task-1] o.h.e.t.j.p.i.JtaPlatformInitiator       : HHH000490: Using JtaPlatform implementation: [org.hibernate.engine.transaction.jta.platform.internal.NoJtaPlatform]
2020-11-16 12:57:55.315  INFO 2540 --- [task-1] j.LocalContainerEntityManagerFactoryBean : Initialized JPA EntityManagerFactory for persistence unit 'default'
2020-11-16 12:57:57.079  INFO 2540 --- [task-2] o.s.b.d.a.OptionalLiveReloadServer       : LiveReload server is running on port 35729
2020-11-16 12:57:59.617  INFO 2540 --- [restartedMain] o.s.b.w.embedded.tomcat.TomcatWebServer  : Tomcat started on port(s): 8081 (http) with context path '/libMgmtSystem'
2020-11-16 12:58:00.982  INFO 2540 --- [restartedMain] DeferredRepositoryInitializationListener : Triggering deferred initialization of Spring Data repositories…
2020-11-16 12:58:01.975  INFO 2540 --- [restartedMain] DeferredRepositoryInitializationListener : Spring Data repositories initialized!
2020-11-16 12:58:02.008  INFO 2540 --- [restartedMain] c.mds.libraryMgmtSystem.DemoApplication  : Started DemoApplication in 72.06 seconds (JVM running for 78.198)
2020-11-16 12:58:03.238  INFO 2540 --- [http-nio-8081-exec-1] o.a.c.c.C.[.[.[/libMgmtSystem]           : Initializing Spring DispatcherServlet 'dispatcherServlet'
2020-11-16 12:58:03.238  INFO 2540 --- [http-nio-8081-exec-1] o.s.web.servlet.DispatcherServlet        : Initializing Servlet 'dispatcherServlet'
2020-11-16 12:58:03.303  INFO 2540 --- [http-nio-8081-exec-1] o.s.web.servlet.DispatcherServlet        : Completed initialization in 65 ms
2020-11-16 13:17:57.839  INFO 10928 --- [restartedMain] c.mds.libraryMgmtSystem.DemoApplication  : Starting DemoApplication on LAPTOP-ROQCOL67 with PID 10928 (C:\Users\User\Desktop\SpringProject\it2020-library-management-system\target\classes started by User in C:\Users\User\Desktop\SpringProject\it2020-library-management-system)
2020-11-16 13:17:57.848  INFO 10928 --- [restartedMain] c.mds.libraryMgmtSystem.DemoApplication  : No active profile set, falling back to default profiles: default
2020-11-16 13:17:57.989  INFO 10928 --- [restartedMain] .e.DevToolsPropertyDefaultsPostProcessor : Devtools property defaults active! Set 'spring.devtools.add-properties' to 'false' to disable
2020-11-16 13:17:57.990  INFO 10928 --- [restartedMain] .e.DevToolsPropertyDefaultsPostProcessor : For additional web related logging consider setting the 'logging.level.web' property to 'DEBUG'
2020-11-16 13:18:00.379  INFO 10928 --- [restartedMain] .s.d.r.c.RepositoryConfigurationDelegate : Bootstrapping Spring Data JPA repositories in DEFERRED mode.
2020-11-16 13:18:00.563  INFO 10928 --- [restartedMain] .s.d.r.c.RepositoryConfigurationDelegate : Finished Spring Data repository scanning in 169ms. Found 8 JPA repository interfaces.
2020-11-16 13:18:01.180  INFO 10928 --- [restartedMain] trationDelegate$BeanPostProcessorChecker : Bean 'org.springframework.ws.config.annotation.DelegatingWsConfiguration' of type [org.springframework.ws.config.annotation.DelegatingWsConfiguration$$EnhancerBySpringCGLIB$$bf1327f5] is not eligible for getting processed by all BeanPostProcessors (for example: not eligible for auto-proxying)
2020-11-16 13:18:01.282  INFO 10928 --- [restartedMain] .w.s.a.s.AnnotationActionEndpointMapping : Supporting [WS-Addressing August 2004, WS-Addressing 1.0]
2020-11-16 13:18:02.024  INFO 10928 --- [restartedMain] o.s.b.w.embedded.tomcat.TomcatWebServer  : Tomcat initialized with port(s): 8081 (http)
2020-11-16 13:18:02.041  INFO 10928 --- [restartedMain] o.apache.catalina.core.StandardService   : Starting service [Tomcat]
2020-11-16 13:18:02.042  INFO 10928 --- [restartedMain] org.apache.catalina.core.StandardEngine  : Starting Servlet engine: [Apache Tomcat/9.0.39]
2020-11-16 13:18:02.282  INFO 10928 --- [restartedMain] o.a.c.c.C.[.[.[/libMgmtSystem]           : Initializing Spring embedded WebApplicationContext
2020-11-16 13:18:02.282  INFO 10928 --- [restartedMain] w.s.c.ServletWebServerApplicationContext : Root WebApplicationContext: initialization completed in 4290 ms
2020-11-16 13:18:02.903  INFO 10928 --- [restartedMain] o.s.s.concurrent.ThreadPoolTaskExecutor  : Initializing ExecutorService 'applicationTaskExecutor'
2020-11-16 13:18:03.004  INFO 10928 --- [task-1] o.hibernate.jpa.internal.util.LogHelper  : HHH000204: Processing PersistenceUnitInfo [name: default]
2020-11-16 13:18:03.093  INFO 10928 --- [task-1] org.hibernate.Version                    : HHH000412: Hibernate ORM core version 5.4.22.Final
2020-11-16 13:18:03.402  INFO 10928 --- [task-1] o.hibernate.annotations.common.Version   : HCANN000001: Hibernate Commons Annotations {5.1.0.Final}
2020-11-16 13:18:03.603  INFO 10928 --- [task-1] com.zaxxer.hikari.HikariDataSource       : HikariPool-1 - Starting...
2020-11-16 13:18:04.017  WARN 10928 --- [restartedMain] JpaBaseConfiguration$JpaWebConfiguration : spring.jpa.open-in-view is enabled by default. Therefore, database queries may be performed during view rendering. Explicitly configure spring.jpa.open-in-view to disable this warning
2020-11-16 13:18:09.582  INFO 10928 --- [task-1] com.zaxxer.hikari.HikariDataSource       : HikariPool-1 - Start completed.
2020-11-16 13:18:09.612  INFO 10928 --- [task-1] org.hibernate.dialect.Dialect            : HHH000400: Using dialect: org.hibernate.dialect.MySQL57Dialect
2020-11-16 13:18:19.480  INFO 10928 --- [task-1] o.h.e.t.j.p.i.JtaPlatformInitiator       : HHH000490: Using JtaPlatform implementation: [org.hibernate.engine.transaction.jta.platform.internal.NoJtaPlatform]
2020-11-16 13:18:19.494  INFO 10928 --- [task-1] j.LocalContainerEntityManagerFactoryBean : Initialized JPA EntityManagerFactory for persistence unit 'default'
2020-11-16 13:18:19.999  INFO 10928 --- [task-2] o.s.b.d.a.OptionalLiveReloadServer       : LiveReload server is running on port 35729
2020-11-16 13:18:20.708  INFO 10928 --- [restartedMain] o.s.b.w.embedded.tomcat.TomcatWebServer  : Tomcat started on port(s): 8081 (http) with context path '/libMgmtSystem'
2020-11-16 13:18:20.991  INFO 10928 --- [restartedMain] DeferredRepositoryInitializationListener : Triggering deferred initialization of Spring Data repositories…
2020-11-16 13:18:21.223  INFO 10928 --- [restartedMain] DeferredRepositoryInitializationListener : Spring Data repositories initialized!
2020-11-16 13:18:21.230  INFO 10928 --- [restartedMain] c.mds.libraryMgmtSystem.DemoApplication  : Started DemoApplication in 24.34 seconds (JVM running for 26.66)
2020-11-16 13:18:27.364  INFO 10928 --- [http-nio-8081-exec-1] o.a.c.c.C.[.[.[/libMgmtSystem]           : Initializing Spring DispatcherServlet 'dispatcherServlet'
2020-11-16 13:18:27.365  INFO 10928 --- [http-nio-8081-exec-1] o.s.web.servlet.DispatcherServlet        : Initializing Servlet 'dispatcherServlet'
2020-11-16 13:18:27.404  INFO 10928 --- [http-nio-8081-exec-1] o.s.web.servlet.DispatcherServlet        : Completed initialization in 39 ms
2020-11-16 13:25:15.805  INFO 12912 --- [restartedMain] c.mds.libraryMgmtSystem.DemoApplication  : Starting DemoApplication on LAPTOP-ROQCOL67 with PID 12912 (C:\Users\User\Desktop\SpringProject\it2020-library-management-system\target\classes started by User in C:\Users\User\Desktop\SpringProject\it2020-library-management-system)
2020-11-16 13:25:15.808  INFO 12912 --- [restartedMain] c.mds.libraryMgmtSystem.DemoApplication  : No active profile set, falling back to default profiles: default
2020-11-16 13:25:15.868  INFO 12912 --- [restartedMain] .e.DevToolsPropertyDefaultsPostProcessor : Devtools property defaults active! Set 'spring.devtools.add-properties' to 'false' to disable
2020-11-16 13:25:15.868  INFO 12912 --- [restartedMain] .e.DevToolsPropertyDefaultsPostProcessor : For additional web related logging consider setting the 'logging.level.web' property to 'DEBUG'
2020-11-16 13:25:18.176  INFO 12912 --- [restartedMain] .s.d.r.c.RepositoryConfigurationDelegate : Bootstrapping Spring Data JPA repositories in DEFERRED mode.
2020-11-16 13:25:18.264  INFO 12912 --- [restartedMain] .s.d.r.c.RepositoryConfigurationDelegate : Finished Spring Data repository scanning in 79ms. Found 8 JPA repository interfaces.
2020-11-16 13:25:18.554  INFO 12912 --- [restartedMain] trationDelegate$BeanPostProcessorChecker : Bean 'org.springframework.ws.config.annotation.DelegatingWsConfiguration' of type [org.springframework.ws.config.annotation.DelegatingWsConfiguration$$EnhancerBySpringCGLIB$$9c23bb04] is not eligible for getting processed by all BeanPostProcessors (for example: not eligible for auto-proxying)
2020-11-16 13:25:18.606  INFO 12912 --- [restartedMain] .w.s.a.s.AnnotationActionEndpointMapping : Supporting [WS-Addressing August 2004, WS-Addressing 1.0]
2020-11-16 13:25:18.928  INFO 12912 --- [restartedMain] o.s.b.w.embedded.tomcat.TomcatWebServer  : Tomcat initialized with port(s): 8081 (http)
2020-11-16 13:25:18.935  INFO 12912 --- [restartedMain] o.apache.catalina.core.StandardService   : Starting service [Tomcat]
2020-11-16 13:25:18.935  INFO 12912 --- [restartedMain] org.apache.catalina.core.StandardEngine  : Starting Servlet engine: [Apache Tomcat/9.0.39]
2020-11-16 13:25:19.044  INFO 12912 --- [restartedMain] o.a.c.c.C.[.[.[/libMgmtSystem]           : Initializing Spring embedded WebApplicationContext
2020-11-16 13:25:19.050  INFO 12912 --- [restartedMain] w.s.c.ServletWebServerApplicationContext : Root WebApplicationContext: initialization completed in 3181 ms
2020-11-16 13:25:19.280  INFO 12912 --- [restartedMain] o.s.s.concurrent.ThreadPoolTaskExecutor  : Initializing ExecutorService 'applicationTaskExecutor'
2020-11-16 13:25:19.325  INFO 12912 --- [task-1] o.hibernate.jpa.internal.util.LogHelper  : HHH000204: Processing PersistenceUnitInfo [name: default]
2020-11-16 13:25:19.361  INFO 12912 --- [task-1] org.hibernate.Version                    : HHH000412: Hibernate ORM core version 5.4.22.Final
2020-11-16 13:25:19.459  INFO 12912 --- [task-1] o.hibernate.annotations.common.Version   : HCANN000001: Hibernate Commons Annotations {5.1.0.Final}
2020-11-16 13:25:19.540  INFO 12912 --- [task-1] com.zaxxer.hikari.HikariDataSource       : HikariPool-1 - Starting...
2020-11-16 13:25:19.734  WARN 12912 --- [restartedMain] JpaBaseConfiguration$JpaWebConfiguration : spring.jpa.open-in-view is enabled by default. Therefore, database queries may be performed during view rendering. Explicitly configure spring.jpa.open-in-view to disable this warning
2020-11-16 13:25:24.587  INFO 12912 --- [task-1] com.zaxxer.hikari.HikariDataSource       : HikariPool-1 - Start completed.
2020-11-16 13:25:24.616  INFO 12912 --- [task-1] org.hibernate.dialect.Dialect            : HHH000400: Using dialect: org.hibernate.dialect.MySQL57Dialect
2020-11-16 13:25:34.213  INFO 12912 --- [task-1] o.h.e.t.j.p.i.JtaPlatformInitiator       : HHH000490: Using JtaPlatform implementation: [org.hibernate.engine.transaction.jta.platform.internal.NoJtaPlatform]
2020-11-16 13:25:34.224  INFO 12912 --- [task-1] j.LocalContainerEntityManagerFactoryBean : Initialized JPA EntityManagerFactory for persistence unit 'default'
2020-11-16 13:25:34.738  INFO 12912 --- [task-2] o.s.b.d.a.OptionalLiveReloadServer       : LiveReload server is running on port 35729
2020-11-16 13:25:35.497  INFO 12912 --- [restartedMain] o.s.b.w.embedded.tomcat.TomcatWebServer  : Tomcat started on port(s): 8081 (http) with context path '/libMgmtSystem'
2020-11-16 13:25:35.788  INFO 12912 --- [restartedMain] DeferredRepositoryInitializationListener : Triggering deferred initialization of Spring Data repositories…
2020-11-16 13:25:36.002  INFO 12912 --- [restartedMain] DeferredRepositoryInitializationListener : Spring Data repositories initialized!
2020-11-16 13:25:36.011  INFO 12912 --- [restartedMain] c.mds.libraryMgmtSystem.DemoApplication  : Started DemoApplication in 20.594 seconds (JVM running for 21.433)
2020-11-16 13:25:43.036  INFO 12912 --- [http-nio-8081-exec-1] o.a.c.c.C.[.[.[/libMgmtSystem]           : Initializing Spring DispatcherServlet 'dispatcherServlet'
2020-11-16 13:25:43.036  INFO 12912 --- [http-nio-8081-exec-1] o.s.web.servlet.DispatcherServlet        : Initializing Servlet 'dispatcherServlet'
2020-11-16 13:25:43.065  INFO 12912 --- [http-nio-8081-exec-1] o.s.web.servlet.DispatcherServlet        : Completed initialization in 29 ms
2020-11-16 13:29:31.805  WARN 12912 --- [http-nio-8081-exec-10] .w.s.m.s.DefaultHandlerExceptionResolver : Resolved [org.springframework.http.converter.HttpMessageNotReadableException: JSON parse error: Cannot deserialize value of type `java.time.LocalDate` from String "string": Failed to deserialize java.time.LocalDate: (java.time.format.DateTimeParseException) Text 'string' could not be parsed at index 0; nested exception is com.fasterxml.jackson.databind.exc.InvalidFormatException: Cannot deserialize value of type `java.time.LocalDate` from String "string": Failed to deserialize java.time.LocalDate: (java.time.format.DateTimeParseException) Text 'string' could not be parsed at index 0
 at [Source: (PushbackInputStream); line: 3, column: 18] (through reference chain: com.mds.libraryMgmtSystem.entity.Student["dateOfBirth"])]
2020-11-16 13:30:37.831  WARN 12912 --- [http-nio-8081-exec-4] .w.s.m.s.DefaultHandlerExceptionResolver : Resolved [org.springframework.http.converter.HttpMessageNotReadableException: JSON parse error: Cannot deserialize value of type `java.time.LocalDate` from String "string": Failed to deserialize java.time.LocalDate: (java.time.format.DateTimeParseException) Text 'string' could not be parsed at index 0; nested exception is com.fasterxml.jackson.databind.exc.InvalidFormatException: Cannot deserialize value of type `java.time.LocalDate` from String "string": Failed to deserialize java.time.LocalDate: (java.time.format.DateTimeParseException) Text 'string' could not be parsed at index 0
 at [Source: (PushbackInputStream); line: 3, column: 18] (through reference chain: com.mds.libraryMgmtSystem.entity.Student["dateOfBirth"])]
2020-11-16 13:31:16.484  WARN 12912 --- [http-nio-8081-exec-8] .w.s.m.s.DefaultHandlerExceptionResolver : Resolved [org.springframework.http.converter.HttpMessageNotReadableException: JSON parse error: Cannot deserialize value of type `java.time.LocalDate` from String "string": Failed to deserialize java.time.LocalDate: (java.time.format.DateTimeParseException) Text 'string' could not be parsed at index 0; nested exception is com.fasterxml.jackson.databind.exc.InvalidFormatException: Cannot deserialize value of type `java.time.LocalDate` from String "string": Failed to deserialize java.time.LocalDate: (java.time.format.DateTimeParseException) Text 'string' could not be parsed at index 0
 at [Source: (PushbackInputStream); line: 3, column: 18] (through reference chain: com.mds.libraryMgmtSystem.entity.Student["dateOfBirth"])]
2020-11-16 13:31:17.539  WARN 12912 --- [http-nio-8081-exec-7] .w.s.m.s.DefaultHandlerExceptionResolver : Resolved [org.springframework.http.converter.HttpMessageNotReadableException: JSON parse error: Cannot deserialize value of type `java.time.LocalDate` from String "string": Failed to deserialize java.time.LocalDate: (java.time.format.DateTimeParseException) Text 'string' could not be parsed at index 0; nested exception is com.fasterxml.jackson.databind.exc.InvalidFormatException: Cannot deserialize value of type `java.time.LocalDate` from String "string": Failed to deserialize java.time.LocalDate: (java.time.format.DateTimeParseException) Text 'string' could not be parsed at index 0
 at [Source: (PushbackInputStream); line: 3, column: 18] (through reference chain: com.mds.libraryMgmtSystem.entity.Student["dateOfBirth"])]
2020-11-16 13:58:39.597  INFO 12388 --- [restartedMain] c.mds.libraryMgmtSystem.DemoApplication  : Starting DemoApplication on LAPTOP-ROQCOL67 with PID 12388 (C:\Users\User\Desktop\SpringProject\it2020-library-management-system\target\classes started by User in C:\Users\User\Desktop\SpringProject\it2020-library-management-system)
2020-11-16 13:58:39.607  INFO 12388 --- [restartedMain] c.mds.libraryMgmtSystem.DemoApplication  : No active profile set, falling back to default profiles: default
2020-11-16 13:58:39.664  INFO 12388 --- [restartedMain] .e.DevToolsPropertyDefaultsPostProcessor : Devtools property defaults active! Set 'spring.devtools.add-properties' to 'false' to disable
2020-11-16 13:58:39.664  INFO 12388 --- [restartedMain] .e.DevToolsPropertyDefaultsPostProcessor : For additional web related logging consider setting the 'logging.level.web' property to 'DEBUG'
2020-11-16 13:58:41.650  INFO 12388 --- [restartedMain] .s.d.r.c.RepositoryConfigurationDelegate : Bootstrapping Spring Data JPA repositories in DEFERRED mode.
2020-11-16 13:58:41.732  INFO 12388 --- [restartedMain] .s.d.r.c.RepositoryConfigurationDelegate : Finished Spring Data repository scanning in 76ms. Found 8 JPA repository interfaces.
2020-11-16 13:58:41.993  INFO 12388 --- [restartedMain] trationDelegate$BeanPostProcessorChecker : Bean 'org.springframework.ws.config.annotation.DelegatingWsConfiguration' of type [org.springframework.ws.config.annotation.DelegatingWsConfiguration$$EnhancerBySpringCGLIB$$cdddb001] is not eligible for getting processed by all BeanPostProcessors (for example: not eligible for auto-proxying)
2020-11-16 13:58:42.037  INFO 12388 --- [restartedMain] .w.s.a.s.AnnotationActionEndpointMapping : Supporting [WS-Addressing August 2004, WS-Addressing 1.0]
2020-11-16 13:58:42.365  INFO 12388 --- [restartedMain] o.s.b.w.embedded.tomcat.TomcatWebServer  : Tomcat initialized with port(s): 8081 (http)
2020-11-16 13:58:42.374  INFO 12388 --- [restartedMain] o.apache.catalina.core.StandardService   : Starting service [Tomcat]
2020-11-16 13:58:42.374  INFO 12388 --- [restartedMain] org.apache.catalina.core.StandardEngine  : Starting Servlet engine: [Apache Tomcat/9.0.39]
2020-11-16 13:58:42.493  INFO 12388 --- [restartedMain] o.a.c.c.C.[.[.[/libMgmtSystem]           : Initializing Spring embedded WebApplicationContext
2020-11-16 13:58:42.494  INFO 12388 --- [restartedMain] w.s.c.ServletWebServerApplicationContext : Root WebApplicationContext: initialization completed in 2829 ms
2020-11-16 13:58:42.769  INFO 12388 --- [restartedMain] o.s.s.concurrent.ThreadPoolTaskExecutor  : Initializing ExecutorService 'applicationTaskExecutor'
2020-11-16 13:58:42.814  INFO 12388 --- [task-1] o.hibernate.jpa.internal.util.LogHelper  : HHH000204: Processing PersistenceUnitInfo [name: default]
2020-11-16 13:58:42.849  INFO 12388 --- [task-1] org.hibernate.Version                    : HHH000412: Hibernate ORM core version 5.4.22.Final
2020-11-16 13:58:42.951  INFO 12388 --- [task-1] o.hibernate.annotations.common.Version   : HCANN000001: Hibernate Commons Annotations {5.1.0.Final}
2020-11-16 13:58:43.047  INFO 12388 --- [task-1] com.zaxxer.hikari.HikariDataSource       : HikariPool-1 - Starting...
2020-11-16 13:58:43.271  WARN 12388 --- [restartedMain] JpaBaseConfiguration$JpaWebConfiguration : spring.jpa.open-in-view is enabled by default. Therefore, database queries may be performed during view rendering. Explicitly configure spring.jpa.open-in-view to disable this warning
2020-11-16 13:58:48.175  INFO 12388 --- [task-1] com.zaxxer.hikari.HikariDataSource       : HikariPool-1 - Start completed.
2020-11-16 13:58:48.201  INFO 12388 --- [task-1] org.hibernate.dialect.Dialect            : HHH000400: Using dialect: org.hibernate.dialect.MySQL57Dialect
2020-11-16 13:59:00.688  INFO 12388 --- [task-1] o.h.e.t.j.p.i.JtaPlatformInitiator       : HHH000490: Using JtaPlatform implementation: [org.hibernate.engine.transaction.jta.platform.internal.NoJtaPlatform]
2020-11-16 13:59:00.693  INFO 12388 --- [task-1] j.LocalContainerEntityManagerFactoryBean : Initialized JPA EntityManagerFactory for persistence unit 'default'
2020-11-16 13:59:01.160  INFO 12388 --- [task-2] o.s.b.d.a.OptionalLiveReloadServer       : LiveReload server is running on port 35729
2020-11-16 13:59:01.870  INFO 12388 --- [restartedMain] o.s.b.w.embedded.tomcat.TomcatWebServer  : Tomcat started on port(s): 8081 (http) with context path '/libMgmtSystem'
2020-11-16 13:59:02.164  INFO 12388 --- [restartedMain] DeferredRepositoryInitializationListener : Triggering deferred initialization of Spring Data repositories…
2020-11-16 13:59:02.381  INFO 12388 --- [restartedMain] DeferredRepositoryInitializationListener : Spring Data repositories initialized!
2020-11-16 13:59:02.389  INFO 12388 --- [restartedMain] c.mds.libraryMgmtSystem.DemoApplication  : Started DemoApplication in 23.25 seconds (JVM running for 24.106)
